# JRE version: Java(TM) SE Runtime Environment (8.0_241-b07) (build 1.8.0_241-b07)
# Java VM: Java HotSpot(TM) 64-Bit Server VM (25.241-b07 mixed mode windows-amd64 compressed oops)
Heap:
 PSYoungGen      total 136192K, used 32780K [0x00000000f5580000, 0x00000000ffb00000, 0x0000000100000000)
  eden space 107008K, 20% used [0x00000000f5580000,0x00000000f6a763c8,0x00000000fbe00000)
  from space 29184K, 38% used [0x00000000fde80000,0x00000000fe98cf68,0x00000000ffb00000)
  to   space 31232K, 0% used [0x00000000fbe00000,0x00000000fbe00000,0x00000000fdc80000)
 ParOldGen       total 207872K, used 155290K [0x00000000e0000000, 0x00000000ecb00000, 0x00000000f5580000)
  object space 207872K, 74% used [0x00000000e0000000,0x00000000e97a6a60,0x00000000ecb00000)
 Metaspace       used 78007K, capacity 82330K, committed 82432K, reserved 1120256K
  class space    used 10665K, capacity 11476K, committed 11520K, reserved 1048576K
GC Heap History (10 events):
Event: 23.206 GC heap before
{Heap before GC invocations=21 (full 3):
 PSYoungGen      total 138240K, used 104524K [0x00000000f5580000, 0x0000000100000000, 0x0000000100000000)
  eden space 101888K, 100% used [0x00000000f5580000,0x00000000fb900000,0x00000000fb900000)
  from space 36352K, 7% used [0x00000000fb900000,0x00000000fbb933f8,0x00000000fdc80000)
  to   space 36352K, 0% used [0x00000000fdc80000,0x00000000fdc80000,0x0000000100000000)
 ParOldGen       total 207872K, used 145187K [0x00000000e0000000, 0x00000000ecb00000, 0x00000000f5580000)
  object space 207872K, 69% used [0x00000000e0000000,0x00000000e8dc8c90,0x00000000ecb00000)
 Metaspace       used 73703K, capacity 77904K, committed 78080K, reserved 1116160K
  class space    used 10172K, capacity 10973K, committed 11008K, reserved 1048576K
Event: 23.212 GC heap after
Heap after GC invocations=21 (full 3):
 PSYoungGen      total 137216K, used 4596K [0x00000000f5580000, 0x00000000fff00000, 0x0000000100000000)
  eden space 101888K, 0% used [0x00000000f5580000,0x00000000f5580000,0x00000000fb900000)
  from space 35328K, 13% used [0x00000000fdc80000,0x00000000fe0fd068,0x00000000fff00000)
  to   space 35840K, 0% used [0x00000000fb900000,0x00000000fb900000,0x00000000fdc00000)
 ParOldGen       total 207872K, used 145389K [0x00000000e0000000, 0x00000000ecb00000, 0x00000000f5580000)
  object space 207872K, 69% used [0x00000000e0000000,0x00000000e8dfb6b0,0x00000000ecb00000)
 Metaspace       used 73703K, capacity 77904K, committed 78080K, reserved 1116160K
  class space    used 10172K, capacity 10973K, committed 11008K, reserved 1048576K
}
Event: 24.468 GC heap before
{Heap before GC invocations=22 (full 3):
 PSYoungGen      total 137216K, used 106484K [0x00000000f5580000, 0x00000000fff00000, 0x0000000100000000)
  eden space 101888K, 100% used [0x00000000f5580000,0x00000000fb900000,0x00000000fb900000)
  from space 35328K, 13% used [0x00000000fdc80000,0x00000000fe0fd068,0x00000000fff00000)
  to   space 35840K, 0% used [0x00000000fb900000,0x00000000fb900000,0x00000000fdc00000)
 ParOldGen       total 207872K, used 145389K [0x00000000e0000000, 0x00000000ecb00000, 0x00000000f5580000)
  object space 207872K, 69% used [0x00000000e0000000,0x00000000e8dfb6b0,0x00000000ecb00000)
 Metaspace       used 74747K, capacity 79012K, committed 79232K, reserved 1118208K
  class space    used 10241K, capacity 11063K, committed 11136K, reserved 1048576K
Event: 24.476 GC heap after
Heap after GC invocations=22 (full 3):
 PSYoungGen      total 137728K, used 2281K [0x00000000f5580000, 0x00000000fff80000, 0x0000000100000000)
  eden space 101888K, 0% used [0x00000000f5580000,0x00000000f5580000,0x00000000fb900000)
  from space 35840K, 6% used [0x00000000fb900000,0x00000000fbb3a468,0x00000000fdc00000)
  to   space 35328K, 0% used [0x00000000fdd00000,0x00000000fdd00000,0x00000000fff80000)
 ParOldGen       total 207872K, used 148340K [0x00000000e0000000, 0x00000000ecb00000, 0x00000000f5580000)
  object space 207872K, 71% used [0x00000000e0000000,0x00000000e90dd150,0x00000000ecb00000)
 Metaspace       used 74747K, capacity 79012K, committed 79232K, reserved 1118208K
  class space    used 10241K, capacity 11063K, committed 11136K, reserved 1048576K
}
Event: 24.911 GC heap before
{Heap before GC invocations=23 (full 3):
 PSYoungGen      total 137728K, used 104169K [0x00000000f5580000, 0x00000000fff80000, 0x0000000100000000)
  eden space 101888K, 100% used [0x00000000f5580000,0x00000000fb900000,0x00000000fb900000)
  from space 35840K, 6% used [0x00000000fb900000,0x00000000fbb3a468,0x00000000fdc00000)
  to   space 35328K, 0% used [0x00000000fdd00000,0x00000000fdd00000,0x00000000fff80000)
 ParOldGen       total 207872K, used 148340K [0x00000000e0000000, 0x00000000ecb00000, 0x00000000f5580000)
  object space 207872K, 71% used [0x00000000e0000000,0x00000000e90dd150,0x00000000ecb00000)
 Metaspace       used 75561K, capacity 79828K, committed 80128K, reserved 1118208K
  class space    used 10335K, capacity 11175K, committed 11264K, reserved 1048576K
Event: 24.918 GC heap after
Heap after GC invocations=23 (full 3):
 PSYoungGen      total 136704K, used 5413K [0x00000000f5580000, 0x00000000ffd80000, 0x0000000100000000)
  eden space 103424K, 0% used [0x00000000f5580000,0x00000000f5580000,0x00000000fba80000)
  from space 33280K, 16% used [0x00000000fdd00000,0x00000000fe2494e0,0x00000000ffd80000)
  to   space 34304K, 0% used [0x00000000fba80000,0x00000000fba80000,0x00000000fdc00000)
 ParOldGen       total 207872K, used 149898K [0x00000000e0000000, 0x00000000ecb00000, 0x00000000f5580000)
  object space 207872K, 72% used [0x00000000e0000000,0x00000000e9262ba8,0x00000000ecb00000)
 Metaspace       used 75561K, capacity 79828K, committed 80128K, reserved 1118208K
  class space    used 10335K, capacity 11175K, committed 11264K, reserved 1048576K
}
Event: 25.053 GC heap before
{Heap before GC invocations=24 (full 3):
 PSYoungGen      total 136704K, used 108837K [0x00000000f5580000, 0x00000000ffd80000, 0x0000000100000000)
  eden space 103424K, 100% used [0x00000000f5580000,0x00000000fba80000,0x00000000fba80000)
  from space 33280K, 16% used [0x00000000fdd00000,0x00000000fe2494e0,0x00000000ffd80000)
  to   space 34304K, 0% used [0x00000000fba80000,0x00000000fba80000,0x00000000fdc00000)
 ParOldGen       total 207872K, used 149898K [0x00000000e0000000, 0x00000000ecb00000, 0x00000000f5580000)
  object space 207872K, 72% used [0x00000000e0000000,0x00000000e9262ba8,0x00000000ecb00000)
 Metaspace       used 76082K, capacity 80346K, committed 80384K, reserved 1118208K
  class space    used 10415K, capacity 11256K, committed 11264K, reserved 1048576K
Event: 25.072 GC heap after
Heap after GC invocations=24 (full 3):
 PSYoungGen      total 137728K, used 3878K [0x00000000f5580000, 0x00000000fff00000, 0x0000000100000000)
  eden space 103424K, 0% used [0x00000000f5580000,0x00000000f5580000,0x00000000fba80000)
  from space 34304K, 11% used [0x00000000fba80000,0x00000000fbe49ab8,0x00000000fdc00000)
  to   space 33280K, 0% used [0x00000000fde80000,0x00000000fde80000,0x00000000fff00000)
 ParOldGen       total 207872K, used 152148K [0x00000000e0000000, 0x00000000ecb00000, 0x00000000f5580000)
  object space 207872K, 73% used [0x00000000e0000000,0x00000000e9495078,0x00000000ecb00000)
 Metaspace       used 76082K, capacity 80346K, committed 80384K, reserved 1118208K
  class space    used 10415K, capacity 11256K, committed 11264K, reserved 1048576K
}
Event: 25.714 GC heap before
{Heap before GC invocations=25 (full 3):
 PSYoungGen      total 137728K, used 107302K [0x00000000f5580000, 0x00000000fff00000, 0x0000000100000000)
  eden space 103424K, 100% used [0x00000000f5580000,0x00000000fba80000,0x00000000fba80000)
  from space 34304K, 11% used [0x00000000fba80000,0x00000000fbe49ab8,0x00000000fdc00000)
  to   space 33280K, 0% used [0x00000000fde80000,0x00000000fde80000,0x00000000fff00000)
 ParOldGen       total 207872K, used 152185K [0x00000000e0000000, 0x00000000ecb00000, 0x00000000f5580000)
  object space 207872K, 73% used [0x00000000e0000000,0x00000000e949e500,0x00000000ecb00000)
 Metaspace       used 77145K, capacity 81466K, committed 81536K, reserved 1120256K
  class space    used 10550K, capacity 11362K, committed 11392K, reserved 1048576K
Event: 25.741 GC heap after
Heap after GC invocations=25 (full 3):
 PSYoungGen      total 136192K, used 11315K [0x00000000f5580000, 0x00000000ffb00000, 0x0000000100000000)
  eden space 107008K, 0% used [0x00000000f5580000,0x00000000f5580000,0x00000000fbe00000)
  from space 29184K, 38% used [0x00000000fde80000,0x00000000fe98cf68,0x00000000ffb00000)
  to   space 31232K, 0% used [0x00000000fbe00000,0x00000000fbe00000,0x00000000fdc80000)
 ParOldGen       total 207872K, used 155290K [0x00000000e0000000, 0x00000000ecb00000, 0x00000000f5580000)
  object space 207872K, 74% used [0x00000000e0000000,0x00000000e97a6a60,0x00000000ecb00000)
 Metaspace       used 77145K, capacity 81466K, committed 81536K, reserved 1120256K
  class space    used 10550K, capacity 11362K, committed 11392K, reserved 1048576K
}

